tp4q2
0
3380573
2015-10-30 16:05:49
[0] 8
median3 (custom cmp) at 0
[0]  8 27
median3 (custom cmp) at 1
[0]  8 20 27
median3 (custom cmp) at 2
[0]  8 27 14 20
median3 (custom cmp) at 3
[0]  8 27 20 14 17
median3 (custom cmp) at 4
[0]  8 27 17 14 20 39
median3 (custom cmp) at 5
[0]  8 27 17 39 20 14 25
median3 (custom cmp) at 6
[0]  8 27 17 25 20 14 15 39
median3 (custom cmp) at 7
[0]  6 27 17 25 39 14 15  8 20
median3 (custom cmp) at 8
[0]  2 27 17 25 20 14 15  8  6 39
median3 (custom cmp) at 9
 [0]  2 27 17 25 20 39 15  8  6 14  7
median3 (custom cmp) at 10
 [0]  2 27 17 25 20  7 15  8  6 14 16 39
median3 (custom cmp) at 11
 [0]  2 27 17 25 20  7 39  8  6 14 16  3 15
median3 (custom cmp) at 12
